{"/Users/ronaldnsereko/Desktop/Dev/store-manager/sm-frontend/src/index.js": {"path":"/Users/ronaldnsereko/Desktop/Dev/store-manager/sm-frontend/src/index.js","statementMap":{"0":{"start":{"line":1,"column":0},"end":{"line":null,"column":-1}},"1":{"start":{"line":2,"column":0},"end":{"line":null,"column":-1}},"2":{"start":{"line":3,"column":0},"end":{"line":null,"column":-1}},"3":{"start":{"line":4,"column":0},"end":{"line":null,"column":-1}},"4":{"start":{"line":5,"column":0},"end":{"line":null,"column":-1}},"5":{"start":{"line":7,"column":0},"end":{"line":null,"column":-1}}},"fnMap":{},"branchMap":{},"s":{"0":0,"1":0,"2":0,"3":0,"4":0,"5":0},"f":{},"b":{}}
,"/Users/ronaldnsereko/Desktop/Dev/store-manager/sm-frontend/src/Routes/index.jsx": {"path":"/Users/ronaldnsereko/Desktop/Dev/store-manager/sm-frontend/src/Routes/index.jsx","statementMap":{"0":{"start":{"line":1,"column":0},"end":{"line":null,"column":-1}},"1":{"start":{"line":2,"column":0},"end":{"line":null,"column":-1}},"2":{"start":{"line":3,"column":0},"end":{"line":null,"column":-1}},"3":{"start":{"line":4,"column":0},"end":{"line":null,"column":-1}},"4":{"start":{"line":6,"column":15},"end":{"line":6,"column":0}},"5":{"start":{"line":6,"column":15},"end":{"line":null,"column":-1}}},"fnMap":{"0":{"name":"Routes","decl":{"start":{"line":6,"column":6},"end":{"line":6,"column":15}},"loc":{"start":{"line":6,"column":15},"end":{"line":6,"column":0}}}},"branchMap":{},"s":{"0":0,"1":0,"2":0,"3":0,"4":0,"5":0},"f":{"0":0},"b":{}}
,"/Users/ronaldnsereko/Desktop/Dev/store-manager/sm-frontend/src/actions/actionTypes.js": {"path":"/Users/ronaldnsereko/Desktop/Dev/store-manager/sm-frontend/src/actions/actionTypes.js","statementMap":{"0":{"start":{"line":2,"column":31},"end":{"line":2,"column":48}},"1":{"start":{"line":3,"column":30},"end":{"line":3,"column":46}}},"fnMap":{},"branchMap":{},"s":{"0":1,"1":1},"f":{},"b":{},"_coverageSchema":"332fd63041d2c1bcb487cc26dd0d5f7d97098a6c","hash":"7b6de5afc9da5d1ee6945ea958e26e8e4b273570"}
,"/Users/ronaldnsereko/Desktop/Dev/store-manager/sm-frontend/src/actions/simpleAction.js": {"path":"/Users/ronaldnsereko/Desktop/Dev/store-manager/sm-frontend/src/actions/simpleAction.js","statementMap":{"0":{"start":{"line":3,"column":21},"end":{"line":8,"column":1}},"1":{"start":{"line":3,"column":27},"end":{"line":8,"column":1}},"2":{"start":{"line":4,"column":4},"end":{"line":7,"column":7}}},"fnMap":{"0":{"name":"(anonymous_0)","decl":{"start":{"line":3,"column":21},"end":{"line":3,"column":22}},"loc":{"start":{"line":3,"column":27},"end":{"line":8,"column":1}},"line":3},"1":{"name":"(anonymous_1)","decl":{"start":{"line":3,"column":27},"end":{"line":3,"column":28}},"loc":{"start":{"line":3,"column":41},"end":{"line":8,"column":1}},"line":3}},"branchMap":{},"s":{"0":1,"1":0,"2":0},"f":{"0":0,"1":0},"b":{},"_coverageSchema":"332fd63041d2c1bcb487cc26dd0d5f7d97098a6c","hash":"63d6450ea36b3b2c7d76d18f5b1defb48a70d83b"}
,"/Users/ronaldnsereko/Desktop/Dev/store-manager/sm-frontend/src/components/Dashboard.jsx": {"path":"/Users/ronaldnsereko/Desktop/Dev/store-manager/sm-frontend/src/components/Dashboard.jsx","statementMap":{"0":{"start":{"line":7,"column":8},"end":{"line":7,"column":16}},"1":{"start":{"line":8,"column":8},"end":{"line":8,"column":55}},"2":{"start":{"line":12,"column":8},"end":{"line":12,"column":34}},"3":{"start":{"line":16,"column":8},"end":{"line":22,"column":10}},"4":{"start":{"line":26,"column":24},"end":{"line":28,"column":2}},"5":{"start":{"line":26,"column":34},"end":{"line":28,"column":1}}},"fnMap":{"0":{"name":"(anonymous_0)","decl":{"start":{"line":6,"column":4},"end":{"line":6,"column":5}},"loc":{"start":{"line":6,"column":18},"end":{"line":9,"column":5}},"line":6},"1":{"name":"(anonymous_1)","decl":{"start":{"line":11,"column":4},"end":{"line":11,"column":5}},"loc":{"start":{"line":11,"column":18},"end":{"line":13,"column":5}},"line":11},"2":{"name":"(anonymous_2)","decl":{"start":{"line":15,"column":4},"end":{"line":15,"column":5}},"loc":{"start":{"line":15,"column":13},"end":{"line":23,"column":5}},"line":15},"3":{"name":"(anonymous_3)","decl":{"start":{"line":26,"column":24},"end":{"line":26,"column":25}},"loc":{"start":{"line":26,"column":34},"end":{"line":28,"column":1}},"line":26}},"branchMap":{},"s":{"0":0,"1":0,"2":0,"3":0,"4":1,"5":0},"f":{"0":0,"1":0,"2":0,"3":0},"b":{},"_coverageSchema":"332fd63041d2c1bcb487cc26dd0d5f7d97098a6c","hash":"00bd283fe9ee226a692bcdcf1029dc559a9ce5d3"}
,"/Users/ronaldnsereko/Desktop/Dev/store-manager/sm-frontend/src/components/Login.jsx": {"path":"/Users/ronaldnsereko/Desktop/Dev/store-manager/sm-frontend/src/components/Login.jsx","statementMap":{"0":{"start":{"line":3,"column":14},"end":{"line":11,"column":1}},"1":{"start":{"line":4,"column":4},"end":{"line":10,"column":11}}},"fnMap":{"0":{"name":"(anonymous_0)","decl":{"start":{"line":3,"column":14},"end":{"line":3,"column":15}},"loc":{"start":{"line":4,"column":4},"end":{"line":10,"column":11}},"line":4}},"branchMap":{},"s":{"0":1,"1":1},"f":{"0":1},"b":{},"_coverageSchema":"332fd63041d2c1bcb487cc26dd0d5f7d97098a6c","hash":"e8c556fd4c9a98afd5b5c2f5ce8753449f3d333d"}
,"/Users/ronaldnsereko/Desktop/Dev/store-manager/sm-frontend/src/reducers/index.js": {"path":"/Users/ronaldnsereko/Desktop/Dev/store-manager/sm-frontend/src/reducers/index.js","statementMap":{"0":{"start":{"line":1,"column":0},"end":{"line":null,"column":-1}},"1":{"start":{"line":2,"column":0},"end":{"line":null,"column":-1}},"2":{"start":{"line":4,"column":21},"end":{"line":4,"column":0}}},"fnMap":{},"branchMap":{},"s":{"0":0,"1":0,"2":0},"f":{},"b":{}}
,"/Users/ronaldnsereko/Desktop/Dev/store-manager/sm-frontend/src/reducers/simpleReducer.js": {"path":"/Users/ronaldnsereko/Desktop/Dev/store-manager/sm-frontend/src/reducers/simpleReducer.js","statementMap":{"0":{"start":{"line":1,"column":0},"end":{"line":null,"column":-1}},"1":{"start":{"line":3,"column":21},"end":{"line":3,"column":0}},"2":{"start":{"line":5,"column":22},"end":{"line":5,"column":0}},"3":{"start":{"line":5,"column":56},"end":{"line":5,"column":55}},"4":{"start":{"line":5,"column":56},"end":{"line":null,"column":-1}},"5":{"start":{"line":6,"column":4},"end":{"line":null,"column":-1}},"6":{"start":{"line":8,"column":8},"end":{"line":null,"column":-1}},"7":{"start":{"line":13,"column":8},"end":{"line":null,"column":-1}}},"fnMap":{"0":{"name":"simpleReducer","decl":{"start":{"line":5,"column":6},"end":{"line":5,"column":22}},"loc":{"start":{"line":5,"column":56},"end":{"line":5,"column":0}}}},"branchMap":{"0":{"loc":{"start":{"line":5,"column":56},"end":{"line":5,"column":30}},"type":"cond-expr","locations":[{"start":{"line":5,"column":56},"end":{"line":5,"column":30}},{"start":{"line":5,"column":31},"end":{"line":5,"column":56}}]},"1":{"loc":{"start":{"line":5,"column":56},"end":{"line":5,"column":30}},"type":"binary-expr","locations":[{"start":{"line":5,"column":56},"end":{"line":5,"column":30}},{"start":{"line":5,"column":56},"end":{"line":5,"column":30}}]},"2":{"loc":{"start":{"line":5,"column":56},"end":{"line":null,"column":-1}},"type":"cond-expr","locations":[{"start":{"line":5,"column":56},"end":{"line":null,"column":-1}},{"start":{"line":5,"column":56},"end":{"line":null,"column":-1}}]},"3":{"loc":{"start":{"line":7,"column":4},"end":{"line":8,"column":8}},"type":"switch","locations":[{"start":{"line":7,"column":4},"end":{"line":8,"column":8}},{"start":{"line":12,"column":4},"end":{"line":13,"column":8}}]}},"s":{"0":0,"1":0,"2":0,"3":0,"4":0,"5":0,"6":0,"7":0},"f":{"0":0},"b":{"0":[0,0],"1":[0,0],"2":[0,0],"3":[0,0]}}
,"/Users/ronaldnsereko/Desktop/Dev/store-manager/sm-frontend/src/store/index.js": {"path":"/Users/ronaldnsereko/Desktop/Dev/store-manager/sm-frontend/src/store/index.js","statementMap":{"0":{"start":{"line":1,"column":0},"end":{"line":null,"column":-1}},"1":{"start":{"line":2,"column":0},"end":{"line":null,"column":-1}},"2":{"start":{"line":3,"column":0},"end":{"line":null,"column":-1}},"3":{"start":{"line":4,"column":0},"end":{"line":null,"column":-1}},"4":{"start":{"line":7,"column":4},"end":{"line":null,"column":-1}}},"fnMap":{"0":{"name":"configureStore","decl":{"start":{"line":6,"column":24},"end":{"line":6,"column":15}},"loc":{"start":{"line":6,"column":41},"end":{"line":11,"column":1}}}},"branchMap":{},"s":{"0":0,"1":0,"2":0,"3":0,"4":0},"f":{"0":0},"b":{}}
}
