TN:
SF:/Users/ronaldnsereko/Desktop/Dev/store-manager/sm-frontend/src/index.js
FNF:0
FNH:0
DA:1,0
DA:2,0
DA:3,0
DA:4,0
DA:5,0
DA:7,0
LF:6
LH:0
BRF:0
BRH:0
end_of_record
TN:
SF:/Users/ronaldnsereko/Desktop/Dev/store-manager/sm-frontend/src/Routes/index.jsx
FN:6,Routes
FNF:1
FNH:0
FNDA:0,Routes
DA:1,0
DA:2,0
DA:3,0
DA:4,0
DA:6,0
LF:5
LH:0
BRF:0
BRH:0
end_of_record
TN:
SF:/Users/ronaldnsereko/Desktop/Dev/store-manager/sm-frontend/src/actions/actionTypes.js
FNF:0
FNH:0
DA:2,1
DA:3,1
LF:2
LH:2
BRF:0
BRH:0
end_of_record
TN:
SF:/Users/ronaldnsereko/Desktop/Dev/store-manager/sm-frontend/src/actions/simpleAction.js
FN:3,(anonymous_0)
FN:3,(anonymous_1)
FNF:2
FNH:0
FNDA:0,(anonymous_0)
FNDA:0,(anonymous_1)
DA:3,1
DA:4,0
LF:2
LH:1
BRF:0
BRH:0
end_of_record
TN:
SF:/Users/ronaldnsereko/Desktop/Dev/store-manager/sm-frontend/src/components/Dashboard.jsx
FN:6,(anonymous_0)
FN:11,(anonymous_1)
FN:15,(anonymous_2)
FN:26,(anonymous_3)
FNF:4
FNH:0
FNDA:0,(anonymous_0)
FNDA:0,(anonymous_1)
FNDA:0,(anonymous_2)
FNDA:0,(anonymous_3)
DA:7,0
DA:8,0
DA:12,0
DA:16,0
DA:26,1
LF:5
LH:1
BRF:0
BRH:0
end_of_record
TN:
SF:/Users/ronaldnsereko/Desktop/Dev/store-manager/sm-frontend/src/components/Login.jsx
FN:3,(anonymous_0)
FNF:1
FNH:1
FNDA:1,(anonymous_0)
DA:3,1
DA:4,1
LF:2
LH:2
BRF:0
BRH:0
end_of_record
TN:
SF:/Users/ronaldnsereko/Desktop/Dev/store-manager/sm-frontend/src/reducers/index.js
FNF:0
FNH:0
DA:1,0
DA:2,0
DA:4,0
LF:3
LH:0
BRF:0
BRH:0
end_of_record
TN:
SF:/Users/ronaldnsereko/Desktop/Dev/store-manager/sm-frontend/src/reducers/simpleReducer.js
FN:5,simpleReducer
FNF:1
FNH:0
FNDA:0,simpleReducer
DA:1,0
DA:3,0
DA:5,0
DA:6,0
DA:8,0
DA:13,0
LF:6
LH:0
BRDA:5,0,0,0
BRDA:5,0,1,0
BRDA:5,1,0,0
BRDA:5,1,1,0
BRDA:5,2,0,0
BRDA:5,2,1,0
BRDA:7,3,0,0
BRDA:7,3,1,0
BRF:8
BRH:0
end_of_record
TN:
SF:/Users/ronaldnsereko/Desktop/Dev/store-manager/sm-frontend/src/store/index.js
FN:6,configureStore
FNF:1
FNH:0
FNDA:0,configureStore
DA:1,0
DA:2,0
DA:3,0
DA:4,0
DA:7,0
LF:5
LH:0
BRF:0
BRH:0
end_of_record
